<?xml version="1.0" encoding="UTF-8"?>
<!-- Generated by org.testng.reporters.JUnitXMLReporter -->
<testsuite hostname="Sherine" ignored="0" name="Default test" tests="14" failures="0" timestamp="2021-03-12T11:09:23 IST" time="18.264" errors="0">
  <testcase name="testWhetherSearchApartmentIsLoaded" time="1.347" classname="com.cts.renibuilders.ReniBuildersApplicationSeleniumTest"/>
  <testcase name="testWhetherCustomerNameIsEmpty" time="0.744" classname="com.cts.renibuilders.ReniBuildersApplicationSeleniumTest"/>
  <testcase name="testWhetherCityIsNotValid" time="0.808" classname="com.cts.renibuilders.ReniBuildersApplicationSeleniumTest"/>
  <testcase name="testWhetherCustomerSelectedIsNotValidCity" time="0.013" classname="com.cts.renibuilders.service.ApartmentServiceTest"/>
  <testcase name="testWhetherCustomerSelectedIsValidCityWithPropertyType1BHK" time="0.005" classname="com.cts.renibuilders.service.ApartmentServiceTest"/>
  <testcase name="testWhetherCustomerSelectedIsValidCityWithPropertyType2BHK" time="0.003" classname="com.cts.renibuilders.service.ApartmentServiceTest"/>
  <testcase name="testPostCustomerDetailsFormValidationFail" time="0.499" classname="com.cts.renibuilders.controller.ApartmentControllerTest"/>
  <testcase name="testShowSearchApartment" time="0.005" classname="com.cts.renibuilders.controller.ApartmentControllerTest"/>
  <testcase name="testcalculateestimateCostActive" time="0.028" classname="com.cts.renibuilders.controller.ApartmentControllerTest"/>
  <testcase name="testCity" time="0.006" classname="com.cts.renibuilders.model.CustomerTest"/>
  <testcase name="testExpectedEmailId" time="0.001" classname="com.cts.renibuilders.model.CustomerTest"/>
  <testcase name="testExpectedName" time="0.001" classname="com.cts.renibuilders.model.CustomerTest"/>
  <testcase name="testMobileNo" time="0.003" classname="com.cts.renibuilders.model.CustomerTest"/>
  <testcase name="testpropertyType" time="0.002" classname="com.cts.renibuilders.model.CustomerTest"/>
</testsuite> <!-- Default test -->
